[debug] [2025-11-14T17:52:42.619Z] ----------------------------------------------------------------------
[debug] [2025-11-14T17:52:42.629Z] Command:       C:\Program Files\nodejs\node.exe C:\Users\HIG Ajay\AppData\Roaming\npm\node_modules\firebase-tools\lib\bin\firebase.js init
[debug] [2025-11-14T17:52:42.629Z] CLI Version:   14.23.0
[debug] [2025-11-14T17:52:42.629Z] Platform:      win32
[debug] [2025-11-14T17:52:42.629Z] Node Version:  v22.18.0
[debug] [2025-11-14T17:52:42.631Z] Time:          Fri Nov 14 2025 23:22:42 GMT+0530 (India Standard Time)
[debug] [2025-11-14T17:52:42.631Z] ----------------------------------------------------------------------
[debug] 
[info] 
     ######## #### ########  ######## ########     ###     ######  ########
     ##        ##  ##     ## ##       ##     ##  ##   ##  ##       ##
     ######    ##  ########  ######   ########  #########  ######  ######
     ##        ##  ##    ##  ##       ##     ## ##     ##       ## ##
     ##       #### ##     ## ######## ########  ##     ##  ######  ########

You're about to initialize a Firebase project in this directory:

  E:\image\AbuInshah

[info] 
=== Project Setup
[info] 
[info] First, let's associate this project directory with a Firebase project.
[info] You can create multiple project aliases by running firebase use --add, 
[info] 
[debug] [2025-11-14T17:52:53.523Z] ExitPromptError: User force closed the prompt with SIGINT
    at Interface.sigint (C:\Users\HIG Ajay\AppData\Roaming\npm\node_modules\firebase-tools\node_modules\@inquirer\core\dist\commonjs\lib\create-prompt.js:101:37)
    at Interface.emit (node:events:518:28)
    at Interface.emit (node:domain:489:12)
    at [_ttyWrite] [as _ttyWrite] (node:internal/readline/interface:1132:18)
    at ReadStream.onkeypress (node:internal/readline/interface:271:20)
    at ReadStream.emit (node:events:530:35)
    at ReadStream.emit (node:domain:489:12)
    at emitKeys (node:internal/readline/utils:370:14)
    at emitKeys.next (<anonymous>)
    at ReadStream.onData (node:internal/readline/emitKeypressEvents:64:36)
[error] 
[error] Error: An unexpected error has occurred.
